  CS201 Program1.cpp
C:\Users\18165\source\repos\CS201 Program1\CS201 Program1\CS201 Program1.cpp(15,9): error C2065: 'str': undeclared identifier
C:\Users\18165\source\repos\CS201 Program1\CS201 Program1\CS201 Program1.cpp(15,33): error C2065: 'str': undeclared identifier
C:\Users\18165\source\repos\CS201 Program1\CS201 Program1\CS201 Program1.cpp(16,14): error C2065: 'str': undeclared identifier
C:\Users\18165\source\repos\CS201 Program1\CS201 Program1\CS201 Program1.cpp(16,38): error C2065: 'str': undeclared identifier
C:\Users\18165\source\repos\CS201 Program1\CS201 Program1\CS201 Program1.cpp(17,14): error C2065: 'str': undeclared identifier
C:\Users\18165\source\repos\CS201 Program1\CS201 Program1\CS201 Program1.cpp(17,28): error C2065: 'str': undeclared identifier
C:\Users\18165\source\repos\CS201 Program1\CS201 Program1\CS201 Program1.cpp(17,42): error C2065: 'str': undeclared identifier
C:\Users\18165\source\repos\CS201 Program1\CS201 Program1\CS201 Program1.cpp(17,56): error C2065: 'str': undeclared identifier
C:\Users\18165\source\repos\CS201 Program1\CS201 Program1\CS201 Program1.cpp(17,70): error C2065: 'str': undeclared identifier
C:\Users\18165\source\repos\CS201 Program1\CS201 Program1\CS201 Program1.cpp(17,84): error C2065: 'str': undeclared identifier
C:\Users\18165\source\repos\CS201 Program1\CS201 Program1\CS201 Program1.cpp(17,98): error C2065: 'str': undeclared identifier
C:\Users\18165\source\repos\CS201 Program1\CS201 Program1\CS201 Program1.cpp(17,112): error C2065: 'str': undeclared identifier
C:\Users\18165\source\repos\CS201 Program1\CS201 Program1\CS201 Program1.cpp(17,136): error C2065: 'str': undeclared identifier
C:\Users\18165\source\repos\CS201 Program1\CS201 Program1\CS201 Program1.cpp(18,5): error C2143: syntax error: missing ';' before 'else'
C:\Users\18165\source\repos\CS201 Program1\CS201 Program1\CS201 Program1.cpp(18,14): error C2065: 'str': undeclared identifier
C:\Users\18165\source\repos\CS201 Program1\CS201 Program1\CS201 Program1.cpp(19,14): error C2065: 'str': undeclared identifier
C:\Users\18165\source\repos\CS201 Program1\CS201 Program1\CS201 Program1.cpp(20,14): error C2065: 'str': undeclared identifier
C:\Users\18165\source\repos\CS201 Program1\CS201 Program1\CS201 Program1.cpp(21,14): error C2065: 'str': undeclared identifier
C:\Users\18165\source\repos\CS201 Program1\CS201 Program1\CS201 Program1.cpp(22,14): error C2065: 'str': undeclared identifier
C:\Users\18165\source\repos\CS201 Program1\CS201 Program1\CS201 Program1.cpp(23,14): error C2065: 'str': undeclared identifier
C:\Users\18165\source\repos\CS201 Program1\CS201 Program1\CS201 Program1.cpp(24,14): error C2065: 'str': undeclared identifier
C:\Users\18165\source\repos\CS201 Program1\CS201 Program1\CS201 Program1.cpp(48,8): error C2061: syntax error: identifier 'base1'
C:\Users\18165\source\repos\CS201 Program1\CS201 Program1\CS201 Program1.cpp(48,19): error C2143: syntax error: missing ';' before '{'
C:\Users\18165\source\repos\CS201 Program1\CS201 Program1\CS201 Program1.cpp(67,31): error C2065: 'inVal': undeclared identifier
C:\Users\18165\source\repos\CS201 Program1\CS201 Program1\CS201 Program1.cpp(68,30): error C2065: 'inVal': undeclared identifier
C:\Users\18165\source\repos\CS201 Program1\CS201 Program1\CS201 Program1.cpp(69,17): error C2146: syntax error: missing ';' before identifier 'outVal'
C:\Users\18165\source\repos\CS201 Program1\CS201 Program1\CS201 Program1.cpp(69,17): error C2065: 'outVal': undeclared identifier
C:\Users\18165\source\repos\CS201 Program1\CS201 Program1\CS201 Program1.cpp(83,1): error C2059: syntax error: '}'
C:\Users\18165\source\repos\CS201 Program1\CS201 Program1\CS201 Program1.cpp(83,1): error C2143: syntax error: missing ';' before '}'
